2019-04-04 12:12:02,348 INFO o.a.j.u.JMeterUtils: Setting Locale to es_ES
2019-04-04 12:12:02,452 INFO o.a.j.u.JMeterUtils: Could not find resources for 'es_ES', using 'es'
2019-04-04 12:12:02,453 INFO o.a.j.JMeter: Loading user properties from: /home/alumnos/e341074/si2/p2/apache-jmeter-5.1/bin/user.properties
2019-04-04 12:12:02,468 INFO o.a.j.JMeter: Loading system properties from: /home/alumnos/e341074/si2/p2/apache-jmeter-5.1/bin/system.properties
2019-04-04 12:12:02,507 INFO o.a.j.JMeter: Copyright (c) 1998-2019 The Apache Software Foundation
2019-04-04 12:12:02,507 INFO o.a.j.JMeter: Version 5.1 r1853635
2019-04-04 12:12:02,507 INFO o.a.j.JMeter: java.version=1.8.0_201
2019-04-04 12:12:02,507 INFO o.a.j.JMeter: java.vm.name=Java HotSpot(TM) 64-Bit Server VM
2019-04-04 12:12:02,508 INFO o.a.j.JMeter: os.name=Linux
2019-04-04 12:12:02,508 INFO o.a.j.JMeter: os.arch=amd64
2019-04-04 12:12:02,508 INFO o.a.j.JMeter: os.version=4.15.0-29-generic
2019-04-04 12:12:02,508 INFO o.a.j.JMeter: file.encoding=UTF-8
2019-04-04 12:12:02,508 INFO o.a.j.JMeter: java.awt.headless=null
2019-04-04 12:12:02,508 INFO o.a.j.JMeter: Max memory     =1724383232
2019-04-04 12:12:02,509 INFO o.a.j.JMeter: Available Processors =4
2019-04-04 12:12:02,540 INFO o.a.j.JMeter: Default Locale=espa単ol (Espa単a)
2019-04-04 12:12:02,541 INFO o.a.j.JMeter: JMeter  Locale=espa単ol (Espa単a)
2019-04-04 12:12:02,541 INFO o.a.j.JMeter: JMeterHome=/home/alumnos/e341074/si2/p2/apache-jmeter-5.1
2019-04-04 12:12:02,541 INFO o.a.j.JMeter: user.dir  =/home/alumnos/e341074/si2/p2
2019-04-04 12:12:02,541 INFO o.a.j.JMeter: PWD       =/home/alumnos/e341074/si2/p2
2019-04-04 12:12:02,584 INFO o.a.j.JMeter: IP: 10.10.65.115 Name: 4-14-65-115 FullName: 4-14-65-115
2019-04-04 12:12:03,570 INFO o.a.j.g.a.LookAndFeelCommand: Installing Darcula LAF
2019-04-04 12:12:03,995 INFO o.a.j.g.a.LookAndFeelCommand: Using look and feel: com.bulenkov.darcula.DarculaLaf [Darcula]
2019-04-04 12:12:03,995 INFO o.a.j.JMeter: Setting LAF to: com.bulenkov.darcula.DarculaLaf
2019-04-04 12:12:04,131 INFO o.a.j.JMeter: Loaded icon properties from org/apache/jmeter/images/icon.properties
2019-04-04 12:12:04,820 INFO o.a.j.e.u.CompoundVariable: Note: Function class names must contain the string: '.functions.'
2019-04-04 12:12:04,820 INFO o.a.j.e.u.CompoundVariable: Note: Function class names must not contain the string: '.gui.'
2019-04-04 12:12:08,963 INFO o.a.j.p.h.s.HTTPSamplerBase: Parser for text/html is org.apache.jmeter.protocol.http.parser.LagartoBasedHtmlParser
2019-04-04 12:12:08,963 INFO o.a.j.p.h.s.HTTPSamplerBase: Parser for application/xhtml+xml is org.apache.jmeter.protocol.http.parser.LagartoBasedHtmlParser
2019-04-04 12:12:08,964 INFO o.a.j.p.h.s.HTTPSamplerBase: Parser for application/xml is org.apache.jmeter.protocol.http.parser.LagartoBasedHtmlParser
2019-04-04 12:12:08,964 INFO o.a.j.p.h.s.HTTPSamplerBase: Parser for text/xml is org.apache.jmeter.protocol.http.parser.LagartoBasedHtmlParser
2019-04-04 12:12:08,964 INFO o.a.j.p.h.s.HTTPSamplerBase: Parser for text/vnd.wap.wml is org.apache.jmeter.protocol.http.parser.RegexpHTMLParser
2019-04-04 12:12:08,964 INFO o.a.j.p.h.s.HTTPSamplerBase: Parser for text/css is org.apache.jmeter.protocol.http.parser.CssParser
2019-04-04 12:12:09,632 INFO o.a.j.e.KeyToolUtils: keytool found at 'keytool'
2019-04-04 12:12:09,632 INFO o.a.j.p.h.p.ProxyControl: HTTP(S) Test Script Recorder SSL Proxy will use keys that support embedded 3rd party resources in file /home/alumnos/e341074/si2/p2/apache-jmeter-5.1/bin/proxyserver.jks
2019-04-04 12:12:09,733 INFO o.a.j.s.FileServer: Default base='/home/alumnos/e341074/si2/p2'
2019-04-04 12:12:10,082 INFO o.a.j.s.SampleResult: Note: Sample TimeStamps are START times
2019-04-04 12:12:10,082 INFO o.a.j.s.SampleResult: sampleresult.default.encoding is set to ISO-8859-1
2019-04-04 12:12:10,082 INFO o.a.j.s.SampleResult: sampleresult.useNanoTime=true
2019-04-04 12:12:10,082 INFO o.a.j.s.SampleResult: sampleresult.nanoThreadSleep=5000
2019-04-04 12:12:27,250 INFO o.a.j.g.a.Load: Loading file: /home/alumnos/e341074/si2/p2/P2.jmx
2019-04-04 12:12:27,251 INFO o.a.j.s.FileServer: Set new base='/home/alumnos/e341074/si2/p2'
2019-04-04 12:12:27,478 INFO o.a.j.s.SaveService: Testplan (JMX) version: 2.2. Testlog (JTL) version: 2.2
2019-04-04 12:12:27,508 INFO o.a.j.s.SaveService: Using SaveService properties file encoding UTF-8
2019-04-04 12:12:27,510 INFO o.a.j.s.SaveService: Using SaveService properties version 5.0
2019-04-04 12:12:27,512 INFO o.a.j.s.SaveService: Loading file: /home/alumnos/e341074/si2/p2/P2.jmx
2019-04-04 12:12:27,661 INFO o.a.j.s.FileServer: Set new base='/home/alumnos/e341074/si2/p2'
2019-04-04 12:12:48,988 INFO o.a.j.g.a.Load: Loading file: /home/alumnos/e341074/si2/p2/P2-curvaProductividad.jmx
2019-04-04 12:12:48,988 INFO o.a.j.s.FileServer: Set new base='/home/alumnos/e341074/si2/p2'
2019-04-04 12:12:48,988 INFO o.a.j.s.SaveService: Loading file: /home/alumnos/e341074/si2/p2/P2-curvaProductividad.jmx
2019-04-04 12:12:49,004 WARN o.a.j.c.CSVDataSet: Could not translate shareMode=All threads using Locale: es
2019-04-04 12:12:49,006 INFO o.a.j.p.h.c.CookieManager: Settings: Delete null: true Check: true Allow variable: true Save: false Prefix: COOKIE_
2019-04-04 12:12:49,007 INFO o.a.j.p.h.c.CacheManager: Will only cache the following methods: [GET]
2019-04-04 12:12:49,063 WARN o.a.j.c.CSVDataSet: Could not translate shareMode=All threads using Locale: es
2019-04-04 12:12:49,076 INFO o.a.j.s.FileServer: Set new base='/home/alumnos/e341074/si2/p2'
2019-04-04 12:12:49,117 WARN o.a.j.c.CSVDataSet: Could not translate shareMode=All threads using Locale: es
2019-04-04 12:12:49,131 WARN o.a.j.c.CSVDataSet: Could not translate shareMode=All threads using Locale: es
